Build started 12/16/2015 4:08:45 AM.
     1>Project "c:\Users\Jimbob\documents\visual studio 2013\Projects\BrandonKeeper\BrandonKeeper\BrandonKeeper.vcxproj" on node 2 (Rebuild target(s)).
     1>ClCompile:
         C:\Program Files (x86)\Microsoft Visual Studio 12.0\VC\bin\CL.exe /c /I"C:\Users\Jimbob\Documents\Visual Studio 2013\Projects\BrandonKeeper\SFML-2.3.2\include" /ZI /nologo /W3 /WX- /sdl /Od /Oy- /D _MBCS /Gm /EHsc /RTC1 /MDd /GS /fp:precise /Zc:wchar_t /Zc:forScope /Fo"Debug\\" /Fd"Debug\vc120.pdb" /Gd /TP /analyze- /errorReport:prompt Engine.cpp Main.cpp Tile.cpp
         Tile.cpp
         Main.cpp
         Engine.cpp
     1>c:\users\jimbob\documents\visual studio 2013\projects\brandonkeeper\brandonkeeper\engine.cpp(10): warning C4244: '=' : conversion from 'float' to 'unsigned int', possible loss of data
     1>c:\users\jimbob\documents\visual studio 2013\projects\brandonkeeper\brandonkeeper\engine.cpp(11): warning C4244: '=' : conversion from 'float' to 'unsigned int', possible loss of data
     1>c:\users\jimbob\documents\visual studio 2013\projects\brandonkeeper\brandonkeeper\engine.cpp(57): warning C4244: 'argument' : conversion from 'double' to 'float', possible loss of data
     1>c:\users\jimbob\documents\visual studio 2013\projects\brandonkeeper\brandonkeeper\engine.cpp(57): warning C4244: 'argument' : conversion from 'unsigned int' to 'float', possible loss of data
     1>c:\users\jimbob\documents\visual studio 2013\projects\brandonkeeper\brandonkeeper\engine.cpp(60): warning C4244: 'argument' : conversion from 'const int' to 'float', possible loss of data
     1>c:\users\jimbob\documents\visual studio 2013\projects\brandonkeeper\brandonkeeper\engine.cpp(63): warning C4244: 'argument' : conversion from 'double' to 'float', possible loss of data
     1>c:\users\jimbob\documents\visual studio 2013\projects\brandonkeeper\brandonkeeper\engine.cpp(98): warning C4244: 'argument' : conversion from 'unsigned int' to 'float', possible loss of data
     1>c:\users\jimbob\documents\visual studio 2013\projects\brandonkeeper\brandonkeeper\engine.cpp(246): warning C4244: 'initializing' : conversion from 'float' to 'int', possible loss of data
     1>c:\users\jimbob\documents\visual studio 2013\projects\brandonkeeper\brandonkeeper\engine.cpp(247): warning C4244: 'initializing' : conversion from 'float' to 'int', possible loss of data
     1>c:\users\jimbob\documents\visual studio 2013\projects\brandonkeeper\brandonkeeper\engine.cpp(252): warning C4244: 'initializing' : conversion from 'float' to 'int', possible loss of data
     1>c:\users\jimbob\documents\visual studio 2013\projects\brandonkeeper\brandonkeeper\engine.cpp(253): warning C4244: 'initializing' : conversion from 'float' to 'int', possible loss of data
     1>c:\users\jimbob\documents\visual studio 2013\projects\brandonkeeper\brandonkeeper\engine.cpp(268): warning C4018: '>' : signed/unsigned mismatch
     1>c:\users\jimbob\documents\visual studio 2013\projects\brandonkeeper\brandonkeeper\engine.cpp(293): warning C4018: '>' : signed/unsigned mismatch
     1>c:\users\jimbob\documents\visual studio 2013\projects\brandonkeeper\brandonkeeper\engine.cpp(305): warning C4244: 'argument' : conversion from 'int' to 'float', possible loss of data
     1>c:\users\jimbob\documents\visual studio 2013\projects\brandonkeeper\brandonkeeper\engine.cpp(315): warning C4244: 'initializing' : conversion from 'float' to 'int', possible loss of data
     1>c:\users\jimbob\documents\visual studio 2013\projects\brandonkeeper\brandonkeeper\engine.cpp(316): warning C4244: 'initializing' : conversion from 'float' to 'int', possible loss of data
     1>c:\users\jimbob\documents\visual studio 2013\projects\brandonkeeper\brandonkeeper\engine.cpp(400): warning C4244: 'initializing' : conversion from 'float' to 'int', possible loss of data
     1>c:\users\jimbob\documents\visual studio 2013\projects\brandonkeeper\brandonkeeper\engine.cpp(401): warning C4244: 'initializing' : conversion from 'float' to 'int', possible loss of data
     1>c:\users\jimbob\documents\visual studio 2013\projects\brandonkeeper\brandonkeeper\engine.cpp(403): warning C4244: 'initializing' : conversion from 'float' to 'int', possible loss of data
     1>c:\users\jimbob\documents\visual studio 2013\projects\brandonkeeper\brandonkeeper\engine.cpp(404): warning C4244: 'initializing' : conversion from 'float' to 'int', possible loss of data
         Generating Code...
       Link:
         C:\Program Files (x86)\Microsoft Visual Studio 12.0\VC\bin\link.exe /ERRORREPORT:PROMPT /OUT:"c:\users\jimbob\documents\visual studio 2013\Projects\BrandonKeeper\Debug\BrandonKeeper.exe" /INCREMENTAL /NOLOGO /LIBPATH:"C:\Users\Jimbob\Documents\Visual Studio 2013\Projects\BrandonKeeper\SFML-2.3.2\lib" "sfml-audio-s.lib" "sfml-graphics-s.lib" "sfml-system-s.lib" "sfml-window-s.lib" kernel32.lib user32.lib gdi32.lib winspool.lib comdlg32.lib advapi32.lib shell32.lib ole32.lib oleaut32.lib uuid.lib odbc32.lib odbccp32.lib /MANIFEST /MANIFESTUAC:"level='asInvoker' uiAccess='false'" /manifest:embed /DEBUG /PDB:"c:\users\jimbob\documents\visual studio 2013\Projects\BrandonKeeper\Debug\BrandonKeeper.pdb" /TLBID:1 /DYNAMICBASE /NXCOMPAT /IMPLIB:"c:\users\jimbob\documents\visual studio 2013\Projects\BrandonKeeper\Debug\BrandonKeeper.lib" /MACHINE:X86 Debug\Engine.obj
         Debug\Main.obj
         Debug\Tile.obj
     1>sfml-graphics-s.lib(RenderWindow.cpp.obj) : error LNK2038: mismatch detected for '_ITERATOR_DEBUG_LEVEL': value '0' doesn't match value '2' in Engine.obj
     1>sfml-graphics-s.lib(RenderWindow.cpp.obj) : error LNK2038: mismatch detected for 'RuntimeLibrary': value 'MD_DynamicRelease' doesn't match value 'MDd_DynamicDebug' in Engine.obj
     1>sfml-graphics-s.lib(RenderTarget.cpp.obj) : error LNK2038: mismatch detected for '_ITERATOR_DEBUG_LEVEL': value '0' doesn't match value '2' in Engine.obj
     1>sfml-graphics-s.lib(RenderTarget.cpp.obj) : error LNK2038: mismatch detected for 'RuntimeLibrary': value 'MD_DynamicRelease' doesn't match value 'MDd_DynamicDebug' in Engine.obj
     1>sfml-graphics-s.lib(Image.cpp.obj) : error LNK2038: mismatch detected for '_ITERATOR_DEBUG_LEVEL': value '0' doesn't match value '2' in Engine.obj
     1>sfml-graphics-s.lib(Image.cpp.obj) : error LNK2038: mismatch detected for 'RuntimeLibrary': value 'MD_DynamicRelease' doesn't match value 'MDd_DynamicDebug' in Engine.obj
     1>sfml-graphics-s.lib(Transform.cpp.obj) : error LNK2038: mismatch detected for '_ITERATOR_DEBUG_LEVEL': value '0' doesn't match value '2' in Engine.obj
     1>sfml-graphics-s.lib(Transform.cpp.obj) : error LNK2038: mismatch detected for 'RuntimeLibrary': value 'MD_DynamicRelease' doesn't match value 'MDd_DynamicDebug' in Engine.obj
     1>sfml-graphics-s.lib(View.cpp.obj) : error LNK2038: mismatch detected for '_ITERATOR_DEBUG_LEVEL': value '0' doesn't match value '2' in Engine.obj
     1>sfml-graphics-s.lib(View.cpp.obj) : error LNK2038: mismatch detected for 'RuntimeLibrary': value 'MD_DynamicRelease' doesn't match value 'MDd_DynamicDebug' in Engine.obj
     1>sfml-graphics-s.lib(Shader.cpp.obj) : error LNK2038: mismatch detected for '_ITERATOR_DEBUG_LEVEL': value '0' doesn't match value '2' in Engine.obj
     1>sfml-graphics-s.lib(Shader.cpp.obj) : error LNK2038: mismatch detected for 'RuntimeLibrary': value 'MD_DynamicRelease' doesn't match value 'MDd_DynamicDebug' in Engine.obj
     1>sfml-graphics-s.lib(Texture.cpp.obj) : error LNK2038: mismatch detected for '_ITERATOR_DEBUG_LEVEL': value '0' doesn't match value '2' in Engine.obj
     1>sfml-graphics-s.lib(Texture.cpp.obj) : error LNK2038: mismatch detected for 'RuntimeLibrary': value 'MD_DynamicRelease' doesn't match value 'MDd_DynamicDebug' in Engine.obj
     1>sfml-graphics-s.lib(GLExtensions.cpp.obj) : error LNK2038: mismatch detected for '_ITERATOR_DEBUG_LEVEL': value '0' doesn't match value '2' in Engine.obj
     1>sfml-graphics-s.lib(GLExtensions.cpp.obj) : error LNK2038: mismatch detected for 'RuntimeLibrary': value 'MD_DynamicRelease' doesn't match value 'MDd_DynamicDebug' in Engine.obj
     1>sfml-graphics-s.lib(GLLoader.cpp.obj) : error LNK2038: mismatch detected for '_ITERATOR_DEBUG_LEVEL': value '0' doesn't match value '2' in Engine.obj
     1>sfml-graphics-s.lib(GLLoader.cpp.obj) : error LNK2038: mismatch detected for 'RuntimeLibrary': value 'MD_DynamicRelease' doesn't match value 'MDd_DynamicDebug' in Engine.obj
     1>sfml-graphics-s.lib(Color.cpp.obj) : error LNK2038: mismatch detected for '_ITERATOR_DEBUG_LEVEL': value '0' doesn't match value '2' in Engine.obj
     1>sfml-graphics-s.lib(Color.cpp.obj) : error LNK2038: mismatch detected for 'RuntimeLibrary': value 'MD_DynamicRelease' doesn't match value 'MDd_DynamicDebug' in Engine.obj
     1>sfml-graphics-s.lib(ImageLoader.cpp.obj) : error LNK2038: mismatch detected for '_ITERATOR_DEBUG_LEVEL': value '0' doesn't match value '2' in Engine.obj
     1>sfml-graphics-s.lib(ImageLoader.cpp.obj) : error LNK2038: mismatch detected for 'RuntimeLibrary': value 'MD_DynamicRelease' doesn't match value 'MDd_DynamicDebug' in Engine.obj
     1>sfml-system-s.lib(Err.cpp.obj) : error LNK2038: mismatch detected for '_ITERATOR_DEBUG_LEVEL': value '0' doesn't match value '2' in Engine.obj
     1>sfml-system-s.lib(Err.cpp.obj) : error LNK2038: mismatch detected for 'RuntimeLibrary': value 'MD_DynamicRelease' doesn't match value 'MDd_DynamicDebug' in Engine.obj
     1>sfml-window-s.lib(Window.cpp.obj) : error LNK2038: mismatch detected for '_ITERATOR_DEBUG_LEVEL': value '0' doesn't match value '2' in Engine.obj
     1>sfml-window-s.lib(Window.cpp.obj) : error LNK2038: mismatch detected for 'RuntimeLibrary': value 'MD_DynamicRelease' doesn't match value 'MDd_DynamicDebug' in Engine.obj
     1>sfml-window-s.lib(VideoMode.cpp.obj) : error LNK2038: mismatch detected for '_ITERATOR_DEBUG_LEVEL': value '0' doesn't match value '2' in Engine.obj
     1>sfml-window-s.lib(VideoMode.cpp.obj) : error LNK2038: mismatch detected for 'RuntimeLibrary': value 'MD_DynamicRelease' doesn't match value 'MDd_DynamicDebug' in Engine.obj
     1>sfml-window-s.lib(GlContext.cpp.obj) : error LNK2038: mismatch detected for '_ITERATOR_DEBUG_LEVEL': value '0' doesn't match value '2' in Engine.obj
     1>sfml-window-s.lib(GlContext.cpp.obj) : error LNK2038: mismatch detected for 'RuntimeLibrary': value 'MD_DynamicRelease' doesn't match value 'MDd_DynamicDebug' in Engine.obj
     1>sfml-window-s.lib(WindowImpl.cpp.obj) : error LNK2038: mismatch detected for '_ITERATOR_DEBUG_LEVEL': value '0' doesn't match value '2' in Engine.obj
     1>sfml-window-s.lib(WindowImpl.cpp.obj) : error LNK2038: mismatch detected for 'RuntimeLibrary': value 'MD_DynamicRelease' doesn't match value 'MDd_DynamicDebug' in Engine.obj
     1>sfml-window-s.lib(VideoModeImpl.cpp.obj) : error LNK2038: mismatch detected for '_ITERATOR_DEBUG_LEVEL': value '0' doesn't match value '2' in Engine.obj
     1>sfml-window-s.lib(VideoModeImpl.cpp.obj) : error LNK2038: mismatch detected for 'RuntimeLibrary': value 'MD_DynamicRelease' doesn't match value 'MDd_DynamicDebug' in Engine.obj
     1>sfml-window-s.lib(WglContext.cpp.obj) : error LNK2038: mismatch detected for '_ITERATOR_DEBUG_LEVEL': value '0' doesn't match value '2' in Engine.obj
     1>sfml-window-s.lib(WglContext.cpp.obj) : error LNK2038: mismatch detected for 'RuntimeLibrary': value 'MD_DynamicRelease' doesn't match value 'MDd_DynamicDebug' in Engine.obj
     1>sfml-window-s.lib(JoystickManager.cpp.obj) : error LNK2038: mismatch detected for '_ITERATOR_DEBUG_LEVEL': value '0' doesn't match value '2' in Engine.obj
     1>sfml-window-s.lib(JoystickManager.cpp.obj) : error LNK2038: mismatch detected for 'RuntimeLibrary': value 'MD_DynamicRelease' doesn't match value 'MDd_DynamicDebug' in Engine.obj
     1>sfml-window-s.lib(SensorManager.cpp.obj) : error LNK2038: mismatch detected for '_ITERATOR_DEBUG_LEVEL': value '0' doesn't match value '2' in Engine.obj
     1>sfml-window-s.lib(SensorManager.cpp.obj) : error LNK2038: mismatch detected for 'RuntimeLibrary': value 'MD_DynamicRelease' doesn't match value 'MDd_DynamicDebug' in Engine.obj
     1>sfml-window-s.lib(WindowImplWin32.cpp.obj) : error LNK2038: mismatch detected for '_ITERATOR_DEBUG_LEVEL': value '0' doesn't match value '2' in Engine.obj
     1>sfml-window-s.lib(WindowImplWin32.cpp.obj) : error LNK2038: mismatch detected for 'RuntimeLibrary': value 'MD_DynamicRelease' doesn't match value 'MDd_DynamicDebug' in Engine.obj
     1>sfml-window-s.lib(WglExtensions.cpp.obj) : error LNK2038: mismatch detected for '_ITERATOR_DEBUG_LEVEL': value '0' doesn't match value '2' in Engine.obj
     1>sfml-window-s.lib(WglExtensions.cpp.obj) : error LNK2038: mismatch detected for 'RuntimeLibrary': value 'MD_DynamicRelease' doesn't match value 'MDd_DynamicDebug' in Engine.obj
     1>sfml-window-s.lib(Joystick.cpp.obj) : error LNK2038: mismatch detected for '_ITERATOR_DEBUG_LEVEL': value '0' doesn't match value '2' in Engine.obj
     1>sfml-window-s.lib(Joystick.cpp.obj) : error LNK2038: mismatch detected for 'RuntimeLibrary': value 'MD_DynamicRelease' doesn't match value 'MDd_DynamicDebug' in Engine.obj
     1>sfml-window-s.lib(JoystickImpl.cpp.obj) : error LNK2038: mismatch detected for '_ITERATOR_DEBUG_LEVEL': value '0' doesn't match value '2' in Engine.obj
     1>sfml-window-s.lib(JoystickImpl.cpp.obj) : error LNK2038: mismatch detected for 'RuntimeLibrary': value 'MD_DynamicRelease' doesn't match value 'MDd_DynamicDebug' in Engine.obj
     1>sfml-system-s.lib(ThreadLocal.cpp.obj) : error LNK2038: mismatch detected for '_ITERATOR_DEBUG_LEVEL': value '0' doesn't match value '2' in Engine.obj
     1>sfml-system-s.lib(ThreadLocal.cpp.obj) : error LNK2038: mismatch detected for 'RuntimeLibrary': value 'MD_DynamicRelease' doesn't match value 'MDd_DynamicDebug' in Engine.obj
     1>sfml-system-s.lib(String.cpp.obj) : error LNK2038: mismatch detected for '_ITERATOR_DEBUG_LEVEL': value '0' doesn't match value '2' in Engine.obj
     1>sfml-system-s.lib(String.cpp.obj) : error LNK2038: mismatch detected for 'RuntimeLibrary': value 'MD_DynamicRelease' doesn't match value 'MDd_DynamicDebug' in Engine.obj
     1>LINK : warning LNK4098: defaultlib 'MSVCRT' conflicts with use of other libs; use /NODEFAULTLIB:library
     1>Engine.obj : warning LNK4217: locally defined symbol ??0String@sf@@QAE@PBDABVlocale@std@@@Z (public: __thiscall sf::String::String(char const *,class std::locale const &)) imported in function "private: void __thiscall Engine::initializeEngine(void)" (?initializeEngine@Engine@@AAEXXZ)
     1>Engine.obj : warning LNK4217: locally defined symbol ??1String@sf@@QAE@XZ (public: __thiscall sf::String::~String(void)) imported in function "private: void __thiscall Engine::initializeEngine(void)" (?initializeEngine@Engine@@AAEXXZ)
     1>Engine.obj : warning LNK4217: locally defined symbol ??0VideoMode@sf@@QAE@III@Z (public: __thiscall sf::VideoMode::VideoMode(unsigned int,unsigned int,unsigned int)) imported in function "private: void __thiscall Engine::initializeEngine(void)" (?initializeEngine@Engine@@AAEXXZ)
     1>Engine.obj : warning LNK4217: locally defined symbol ?close@Window@sf@@QAEXXZ (public: void __thiscall sf::Window::close(void)) imported in function "private: void __thiscall Engine::processInput(void)" (?processInput@Engine@@AAEXXZ)
     1>Engine.obj : warning LNK4217: locally defined symbol ?isOpen@Window@sf@@QBE_NXZ (public: bool __thiscall sf::Window::isOpen(void)const ) imported in function "private: void __thiscall Engine::mainLoop(void)" (?mainLoop@Engine@@AAEXXZ)
     1>Engine.obj : warning LNK4217: locally defined symbol ?pollEvent@Window@sf@@QAE_NAAVEvent@2@@Z (public: bool __thiscall sf::Window::pollEvent(class sf::Event &)) imported in function "private: void __thiscall Engine::processInput(void)" (?processInput@Engine@@AAEXXZ)
     1>Engine.obj : warning LNK4217: locally defined symbol ?setVerticalSyncEnabled@Window@sf@@QAEX_N@Z (public: void __thiscall sf::Window::setVerticalSyncEnabled(bool)) imported in function "private: void __thiscall Engine::initializeEngine(void)" (?initializeEngine@Engine@@AAEXXZ)
     1>Engine.obj : warning LNK4217: locally defined symbol ?setFramerateLimit@Window@sf@@QAEXI@Z (public: void __thiscall sf::Window::setFramerateLimit(unsigned int)) imported in function "private: void __thiscall Engine::initializeEngine(void)" (?initializeEngine@Engine@@AAEXXZ)
     1>Engine.obj : warning LNK4217: locally defined symbol ?display@Window@sf@@QAEXXZ (public: void __thiscall sf::Window::display(void)) imported in function "private: void __thiscall Engine::renderFrame(void)" (?renderFrame@Engine@@AAEXXZ)
     1>Engine.obj : warning LNK4217: locally defined symbol ?getSystemHandle@Window@sf@@QBEPAUHWND__@@XZ (public: struct HWND__ * __thiscall sf::Window::getSystemHandle(void)const ) imported in function "private: void __thiscall Engine::lockMouse(bool)" (?lockMouse@Engine@@AAEX_N@Z)
     1>Engine.obj : warning LNK4217: locally defined symbol ??0Color@sf@@QAE@EEEE@Z (public: __thiscall sf::Color::Color(unsigned char,unsigned char,unsigned char,unsigned char)) imported in function "private: void __thiscall Engine::renderFrame(void)" (?renderFrame@Engine@@AAEXXZ)
     1>Engine.obj : warning LNK4217: locally defined symbol ??0Texture@sf@@QAE@XZ (public: __thiscall sf::Texture::Texture(void)) imported in function "private: void __thiscall Engine::initializeEngine(void)" (?initializeEngine@Engine@@AAEXXZ)
     1>Engine.obj : warning LNK4217: locally defined symbol ??1Texture@sf@@QAE@XZ (public: __thiscall sf::Texture::~Texture(void)) imported in function "public: void * __thiscall sf::Texture::`scalar deleting destructor'(unsigned int)" (??_GTexture@sf@@QAEPAXI@Z)
     1>Engine.obj : warning LNK4217: locally defined symbol ?loadFromFile@Texture@sf@@QAE_NABV?$basic_string@DU?$char_traits@D@std@@V?$allocator@D@2@@std@@ABV?$Rect@H@2@@Z (public: bool __thiscall sf::Texture::loadFromFile(class std::basic_string<char,struct std::char_traits<char>,class std::allocator<char> > const &,class sf::Rect<int> const &)) imported in function "private: void __thiscall Engine::initializeEngine(void)" (?initializeEngine@Engine@@AAEXXZ)
     1>Engine.obj : warning LNK4217: locally defined symbol ??0View@sf@@QAE@XZ (public: __thiscall sf::View::View(void)) imported in function "private: void __thiscall Engine::initializeViews(void)" (?initializeViews@Engine@@AAEXXZ)
     1>Engine.obj : warning LNK4217: locally defined symbol ?setCenter@View@sf@@QAEXMM@Z (public: void __thiscall sf::View::setCenter(float,float)) imported in function "private: void __thiscall Engine::updateCamera(int)" (?updateCamera@Engine@@AAEXH@Z)
     1>Engine.obj : warning LNK4217: locally defined symbol ?setCenter@View@sf@@QAEXABV?$Vector2@M@2@@Z (public: void __thiscall sf::View::setCenter(class sf::Vector2<float> const &)) imported in function "private: void __thiscall Engine::initializeViews(void)" (?initializeViews@Engine@@AAEXXZ)
     1>Engine.obj : warning LNK4217: locally defined symbol ?setSize@View@sf@@QAEXABV?$Vector2@M@2@@Z (public: void __thiscall sf::View::setSize(class sf::Vector2<float> const &)) imported in function "private: void __thiscall Engine::initializeViews(void)" (?initializeViews@Engine@@AAEXXZ)
     1>Engine.obj : warning LNK4217: locally defined symbol ?setViewport@View@sf@@QAEXABV?$Rect@M@2@@Z (public: void __thiscall sf::View::setViewport(class sf::Rect<float> const &)) imported in function "private: void __thiscall Engine::initializeViews(void)" (?initializeViews@Engine@@AAEXXZ)
     1>Engine.obj : warning LNK4217: locally defined symbol ?getCenter@View@sf@@QBEABV?$Vector2@M@2@XZ (public: class sf::Vector2<float> const & __thiscall sf::View::getCenter(void)const ) imported in function "private: void __thiscall Engine::updateCamera(int)" (?updateCamera@Engine@@AAEXH@Z)
     1>Engine.obj : warning LNK4217: locally defined symbol ?getSize@View@sf@@QBEABV?$Vector2@M@2@XZ (public: class sf::Vector2<float> const & __thiscall sf::View::getSize(void)const ) imported in function "private: void __thiscall Engine::drawMap(void)" (?drawMap@Engine@@AAEXXZ)
     1>Engine.obj : warning LNK4217: locally defined symbol ?zoom@View@sf@@QAEXM@Z (public: void __thiscall sf::View::zoom(float)) imported in function "private: void __thiscall Engine::processInput(void)" (?processInput@Engine@@AAEXXZ)
     1>Engine.obj : warning LNK4217: locally defined symbol ?clear@RenderTarget@sf@@QAEXABVColor@2@@Z (public: void __thiscall sf::RenderTarget::clear(class sf::Color const &)) imported in function "private: void __thiscall Engine::renderFrame(void)" (?renderFrame@Engine@@AAEXXZ)
     1>Engine.obj : warning LNK4217: locally defined symbol ?setView@RenderTarget@sf@@QAEXABVView@2@@Z (public: void __thiscall sf::RenderTarget::setView(class sf::View const &)) imported in function "private: void __thiscall Engine::drawMap(void)" (?drawMap@Engine@@AAEXXZ)
     1>Engine.obj : warning LNK4217: locally defined symbol ?mapPixelToCoords@RenderTarget@sf@@QBE?AV?$Vector2@M@2@ABV?$Vector2@H@2@@Z (public: class sf::Vector2<float> __thiscall sf::RenderTarget::mapPixelToCoords(class sf::Vector2<int> const &)const ) imported in function "private: void __thiscall Engine::drawMap(void)" (?drawMap@Engine@@AAEXXZ)
     1>Engine.obj : warning LNK4217: locally defined symbol ?draw@RenderTarget@sf@@QAEXABVDrawable@2@ABVRenderStates@2@@Z (public: void __thiscall sf::RenderTarget::draw(class sf::Drawable const &,class sf::RenderStates const &)) imported in function "private: void __thiscall Engine::drawMap(void)" (?drawMap@Engine@@AAEXXZ)
     1>Engine.obj : warning LNK4217: locally defined symbol ??0RenderWindow@sf@@QAE@VVideoMode@1@ABVString@1@IABUContextSettings@1@@Z (public: __thiscall sf::RenderWindow::RenderWindow(class sf::VideoMode,class sf::String const &,unsigned int,struct sf::ContextSettings const &)) imported in function "private: void __thiscall Engine::initializeEngine(void)" (?initializeEngine@Engine@@AAEXXZ)
     1>Engine.obj : warning LNK4217: locally defined symbol ??1RenderWindow@sf@@UAE@XZ (public: virtual __thiscall sf::RenderWindow::~RenderWindow(void)) imported in function "public: virtual void * __thiscall sf::RenderWindow::`scalar deleting destructor'(unsigned int)" (??_GRenderWindow@sf@@UAEPAXI@Z)
     1>Engine.obj : error LNK2019: unresolved external symbol "__declspec(dllimport) public: static class sf::Vector2<int> __cdecl sf::Mouse::getPosition(void)" (__imp_?getPosition@Mouse@sf@@SA?AV?$Vector2@H@2@XZ) referenced in function "private: void __thiscall Engine::drawMap(void)" (?drawMap@Engine@@AAEXXZ)
     1>Engine.obj : error LNK2019: unresolved external symbol "__declspec(dllimport) public: static class sf::Vector2<int> __cdecl sf::Mouse::getPosition(class sf::Window const &)" (__imp_?getPosition@Mouse@sf@@SA?AV?$Vector2@H@2@ABVWindow@2@@Z) referenced in function "private: void __thiscall Engine::drawMap(void)" (?drawMap@Engine@@AAEXXZ)
     1>Engine.obj : error LNK2019: unresolved external symbol "__declspec(dllimport) public: static void __cdecl sf::Mouse::setPosition(class sf::Vector2<int> const &)" (__imp_?setPosition@Mouse@sf@@SAXABV?$Vector2@H@2@@Z) referenced in function "private: void __thiscall Engine::drawMap(void)" (?drawMap@Engine@@AAEXXZ)
     1>Engine.obj : error LNK2019: unresolved external symbol "__declspec(dllimport) public: static void __cdecl sf::Mouse::setPosition(class sf::Vector2<int> const &,class sf::Window const &)" (__imp_?setPosition@Mouse@sf@@SAXABV?$Vector2@H@2@ABVWindow@2@@Z) referenced in function "private: void __thiscall Engine::drawMap(void)" (?drawMap@Engine@@AAEXXZ)
     1>Engine.obj : error LNK2001: unresolved external symbol "__declspec(dllimport) public: static class sf::RenderStates const sf::RenderStates::Default" (__imp_?Default@RenderStates@sf@@2V12@B)
     1>Tile.obj : error LNK2019: unresolved external symbol "__declspec(dllimport) public: void __thiscall sf::Transformable::setPosition(class sf::Vector2<float> const &)" (__imp_?setPosition@Transformable@sf@@QAEXABV?$Vector2@M@2@@Z) referenced in function "public: __thiscall Tile::Tile(class sf::Texture *,class sf::Vector2<float> &,enum TileType,unsigned char)" (??0Tile@@QAE@PAVTexture@sf@@AAV?$Vector2@M@2@W4TileType@@E@Z)
     1>Tile.obj : error LNK2019: unresolved external symbol "__declspec(dllimport) public: __thiscall sf::Sprite::Sprite(void)" (__imp_??0Sprite@sf@@QAE@XZ) referenced in function "public: __thiscall Tile::Tile(class sf::Texture *,class sf::Vector2<float> &,enum TileType,unsigned char)" (??0Tile@@QAE@PAVTexture@sf@@AAV?$Vector2@M@2@W4TileType@@E@Z)
     1>Tile.obj : error LNK2019: unresolved external symbol "__declspec(dllimport) public: void __thiscall sf::Sprite::setTexture(class sf::Texture const &,bool)" (__imp_?setTexture@Sprite@sf@@QAEXABVTexture@2@_N@Z) referenced in function "public: __thiscall Tile::Tile(class sf::Texture *,class sf::Vector2<float> &,enum TileType,unsigned char)" (??0Tile@@QAE@PAVTexture@sf@@AAV?$Vector2@M@2@W4TileType@@E@Z)
     1>Tile.obj : error LNK2019: unresolved external symbol "__declspec(dllimport) public: void __thiscall sf::Sprite::setTextureRect(class sf::Rect<int> const &)" (__imp_?setTextureRect@Sprite@sf@@QAEXABV?$Rect@H@2@@Z) referenced in function "private: void __thiscall Tile::setTexture(void)" (?setTexture@Tile@@AAEXXZ)
     1>Tile.obj : error LNK2019: unresolved external symbol "__declspec(dllimport) public: virtual __thiscall sf::Sprite::~Sprite(void)" (__imp_??1Sprite@sf@@UAE@XZ) referenced in function "public: __thiscall Tile::Tile(class sf::Texture *,class sf::Vector2<float> &,enum TileType,unsigned char)" (??0Tile@@QAE@PAVTexture@sf@@AAV?$Vector2@M@2@W4TileType@@E@Z)
     1>Tile.obj : error LNK2019: unresolved external symbol "__declspec(dllimport) public: class sf::Sprite & __thiscall sf::Sprite::operator=(class sf::Sprite const &)" (__imp_??4Sprite@sf@@QAEAAV01@ABV01@@Z) referenced in function "public: __thiscall Tile::Tile(class sf::Texture *,class sf::Vector2<float> &,enum TileType,unsigned char)" (??0Tile@@QAE@PAVTexture@sf@@AAV?$Vector2@M@2@W4TileType@@E@Z)
     1>sfml-graphics-s.lib(RenderWindow.cpp.obj) : error LNK2019: unresolved external symbol __imp__glReadPixels@28 referenced in function "public: class sf::Image __thiscall sf::RenderWindow::capture(void)const " (?capture@RenderWindow@sf@@QBE?AVImage@2@XZ)
     1>sfml-graphics-s.lib(RenderTarget.cpp.obj) : error LNK2019: unresolved external symbol __imp__glBlendFunc@8 referenced in function "private: void __thiscall sf::RenderTarget::applyBlendMode(struct sf::BlendMode const &)" (?applyBlendMode@RenderTarget@sf@@AAEXABUBlendMode@2@@Z)
     1>sfml-graphics-s.lib(RenderTarget.cpp.obj) : error LNK2019: unresolved external symbol __imp__glClear@4 referenced in function "public: void __thiscall sf::RenderTarget::clear(class sf::Color const &)" (?clear@RenderTarget@sf@@QAEXABVColor@2@@Z)
     1>sfml-graphics-s.lib(RenderTarget.cpp.obj) : error LNK2019: unresolved external symbol __imp__glClearColor@16 referenced in function "public: void __thiscall sf::RenderTarget::clear(class sf::Color const &)" (?clear@RenderTarget@sf@@QAEXABVColor@2@@Z)
     1>sfml-graphics-s.lib(RenderTarget.cpp.obj) : error LNK2019: unresolved external symbol __imp__glDisable@4 referenced in function "public: void __thiscall sf::RenderTarget::resetGLStates(void)" (?resetGLStates@RenderTarget@sf@@QAEXXZ)
     1>sfml-graphics-s.lib(RenderTarget.cpp.obj) : error LNK2019: unresolved external symbol __imp__glEnable@4 referenced in function "public: void __thiscall sf::RenderTarget::resetGLStates(void)" (?resetGLStates@RenderTarget@sf@@QAEXXZ)
     1>sfml-window-s.lib(GlContext.cpp.obj) : error LNK2001: unresolved external symbol __imp__glEnable@4
     1>sfml-graphics-s.lib(RenderTarget.cpp.obj) : error LNK2019: unresolved external symbol __imp__glLoadMatrixf@4 referenced in function "private: void __thiscall sf::RenderTarget::applyCurrentView(void)" (?applyCurrentView@RenderTarget@sf@@AAEXXZ)
     1>sfml-graphics-s.lib(Texture.cpp.obj) : error LNK2001: unresolved external symbol __imp__glLoadMatrixf@4
     1>sfml-graphics-s.lib(RenderTarget.cpp.obj) : error LNK2019: unresolved external symbol __imp__glMatrixMode@4 referenced in function "private: void __thiscall sf::RenderTarget::applyCurrentView(void)" (?applyCurrentView@RenderTarget@sf@@AAEXXZ)
     1>sfml-graphics-s.lib(Texture.cpp.obj) : error LNK2001: unresolved external symbol __imp__glMatrixMode@4
     1>sfml-graphics-s.lib(RenderTarget.cpp.obj) : error LNK2019: unresolved external symbol __imp__glPopAttrib@0 referenced in function "public: void __thiscall sf::RenderTarget::popGLStates(void)" (?popGLStates@RenderTarget@sf@@QAEXXZ)
     1>sfml-graphics-s.lib(RenderTarget.cpp.obj) : error LNK2019: unresolved external symbol __imp__glPopMatrix@0 referenced in function "public: void __thiscall sf::RenderTarget::popGLStates(void)" (?popGLStates@RenderTarget@sf@@QAEXXZ)
     1>sfml-graphics-s.lib(RenderTarget.cpp.obj) : error LNK2019: unresolved external symbol __imp__glPushAttrib@4 referenced in function "public: void __thiscall sf::RenderTarget::pushGLStates(void)" (?pushGLStates@RenderTarget@sf@@QAEXXZ)
     1>sfml-graphics-s.lib(RenderTarget.cpp.obj) : error LNK2019: unresolved external symbol __imp__glPushMatrix@0 referenced in function "public: void __thiscall sf::RenderTarget::pushGLStates(void)" (?pushGLStates@RenderTarget@sf@@QAEXXZ)
     1>sfml-graphics-s.lib(RenderTarget.cpp.obj) : error LNK2019: unresolved external symbol __imp__glViewport@16 referenced in function "private: void __thiscall sf::RenderTarget::applyCurrentView(void)" (?applyCurrentView@RenderTarget@sf@@AAEXXZ)
     1>sfml-graphics-s.lib(RenderTarget.cpp.obj) : error LNK2019: unresolved external symbol __imp__glColorPointer@16 referenced in function "public: void __thiscall sf::RenderTarget::draw(class sf::Vertex const *,unsigned int,enum sf::PrimitiveType,class sf::RenderStates const &)" (?draw@RenderTarget@sf@@QAEXPBVVertex@2@IW4PrimitiveType@2@ABVRenderStates@2@@Z)
     1>sfml-graphics-s.lib(RenderTarget.cpp.obj) : error LNK2019: unresolved external symbol __imp__glDrawArrays@12 referenced in function "public: void __thiscall sf::RenderTarget::draw(class sf::Vertex const *,unsigned int,enum sf::PrimitiveType,class sf::RenderStates const &)" (?draw@RenderTarget@sf@@QAEXPBVVertex@2@IW4PrimitiveType@2@ABVRenderStates@2@@Z)
     1>sfml-graphics-s.lib(RenderTarget.cpp.obj) : error LNK2019: unresolved external symbol __imp__glEnableClientState@4 referenced in function "public: void __thiscall sf::RenderTarget::resetGLStates(void)" (?resetGLStates@RenderTarget@sf@@QAEXXZ)
     1>sfml-graphics-s.lib(RenderTarget.cpp.obj) : error LNK2019: unresolved external symbol __imp__glPopClientAttrib@0 referenced in function "public: void __thiscall sf::RenderTarget::popGLStates(void)" (?popGLStates@RenderTarget@sf@@QAEXXZ)
     1>sfml-graphics-s.lib(RenderTarget.cpp.obj) : error LNK2019: unresolved external symbol __imp__glPushClientAttrib@4 referenced in function "public: void __thiscall sf::RenderTarget::pushGLStates(void)" (?pushGLStates@RenderTarget@sf@@QAEXXZ)
     1>sfml-graphics-s.lib(RenderTarget.cpp.obj) : error LNK2019: unresolved external symbol __imp__glTexCoordPointer@16 referenced in function "public: void __thiscall sf::RenderTarget::draw(class sf::Vertex const *,unsigned int,enum sf::PrimitiveType,class sf::RenderStates const &)" (?draw@RenderTarget@sf@@QAEXPBVVertex@2@IW4PrimitiveType@2@ABVRenderStates@2@@Z)
     1>sfml-graphics-s.lib(RenderTarget.cpp.obj) : error LNK2019: unresolved external symbol __imp__glVertexPointer@16 referenced in function "public: void __thiscall sf::RenderTarget::draw(class sf::Vertex const *,unsigned int,enum sf::PrimitiveType,class sf::RenderStates const &)" (?draw@RenderTarget@sf@@QAEXPBVVertex@2@IW4PrimitiveType@2@ABVRenderStates@2@@Z)
     1>sfml-graphics-s.lib(Shader.cpp.obj) : error LNK2019: unresolved external symbol __imp__glFlush@0 referenced in function "private: bool __thiscall sf::Shader::compile(char const *,char const *)" (?compile@Shader@sf@@AAE_NPBD0@Z)
     1>sfml-graphics-s.lib(Texture.cpp.obj) : error LNK2001: unresolved external symbol __imp__glFlush@0
     1>sfml-window-s.lib(GlContext.cpp.obj) : error LNK2001: unresolved external symbol __imp__glGetIntegerv@8
     1>sfml-graphics-s.lib(Shader.cpp.obj) : error LNK2001: unresolved external symbol __imp__glGetIntegerv@8
     1>sfml-graphics-s.lib(Texture.cpp.obj) : error LNK2001: unresolved external symbol __imp__glGetIntegerv@8
     1>sfml-graphics-s.lib(GLLoader.cpp.obj) : error LNK2001: unresolved external symbol __imp__glGetIntegerv@8
     1>sfml-graphics-s.lib(TextureSaver.cpp.obj) : error LNK2001: unresolved external symbol __imp__glGetIntegerv@8
     1>sfml-graphics-s.lib(Texture.cpp.obj) : error LNK2019: unresolved external symbol __imp__glGetTexImage@20 referenced in function "public: class sf::Image __thiscall sf::Texture::copyToImage(void)const " (?copyToImage@Texture@sf@@QBE?AVImage@2@XZ)
     1>sfml-graphics-s.lib(Texture.cpp.obj) : error LNK2019: unresolved external symbol __imp__glLoadIdentity@0 referenced in function "public: static void __cdecl sf::Texture::bind(class sf::Texture const *,enum sf::Texture::CoordinateType)" (?bind@Texture@sf@@SAXPBV12@W4CoordinateType@12@@Z)
     1>sfml-graphics-s.lib(Texture.cpp.obj) : error LNK2019: unresolved external symbol __imp__glTexImage2D@36 referenced in function "public: bool __thiscall sf::Texture::create(unsigned int,unsigned int)" (?create@Texture@sf@@QAE_NII@Z)
     1>sfml-graphics-s.lib(Texture.cpp.obj) : error LNK2019: unresolved external symbol __imp__glTexParameteri@12 referenced in function "public: bool __thiscall sf::Texture::create(unsigned int,unsigned int)" (?create@Texture@sf@@QAE_NII@Z)
     1>sfml-graphics-s.lib(Texture.cpp.obj) : error LNK2019: unresolved external symbol __imp__glBindTexture@8 referenced in function "public: static void __cdecl sf::Texture::bind(class sf::Texture const *,enum sf::Texture::CoordinateType)" (?bind@Texture@sf@@SAXPBV12@W4CoordinateType@12@@Z)
     1>sfml-graphics-s.lib(TextureSaver.cpp.obj) : error LNK2001: unresolved external symbol __imp__glBindTexture@8
     1>sfml-graphics-s.lib(Texture.cpp.obj) : error LNK2019: unresolved external symbol __imp__glCopyTexSubImage2D@32 referenced in function "public: void __thiscall sf::Texture::update(class sf::Window const &,unsigned int,unsigned int)" (?update@Texture@sf@@QAEXABVWindow@2@II@Z)
     1>sfml-graphics-s.lib(Texture.cpp.obj) : error LNK2019: unresolved external symbol __imp__glDeleteTextures@8 referenced in function "public: __thiscall sf::Texture::~Texture(void)" (??1Texture@sf@@QAE@XZ)
     1>sfml-graphics-s.lib(Texture.cpp.obj) : error LNK2019: unresolved external symbol __imp__glGenTextures@8 referenced in function "public: bool __thiscall sf::Texture::create(unsigned int,unsigned int)" (?create@Texture@sf@@QAE_NII@Z)
     1>sfml-graphics-s.lib(Texture.cpp.obj) : error LNK2019: unresolved external symbol __imp__glTexSubImage2D@36 referenced in function "public: bool __thiscall sf::Texture::loadFromImage(class sf::Image const &,class sf::Rect<int> const &)" (?loadFromImage@Texture@sf@@QAE_NABVImage@2@ABV?$Rect@H@2@@Z)
     1>sfml-graphics-s.lib(GLLoader.cpp.obj) : error LNK2019: unresolved external symbol __imp__glGetError@0 referenced in function "void __cdecl GetGLVersion(void)" (?GetGLVersion@@YAXXZ)
     1>sfml-window-s.lib(GlContext.cpp.obj) : error LNK2001: unresolved external symbol __imp__glGetError@0
     1>sfml-graphics-s.lib(GLLoader.cpp.obj) : error LNK2019: unresolved external symbol __imp__glGetString@4 referenced in function "void __cdecl GetGLVersion(void)" (?GetGLVersion@@YAXXZ)
     1>sfml-window-s.lib(GlContext.cpp.obj) : error LNK2001: unresolved external symbol __imp__glGetString@4
     1>sfml-graphics-s.lib(ImageLoader.cpp.obj) : error LNK2019: unresolved external symbol _jpeg_std_error referenced in function "private: bool __thiscall sf::priv::ImageLoader::writeJpg(class std::basic_string<char,struct std::char_traits<char>,class std::allocator<char> > const &,class std::vector<unsigned char,class std::allocator<unsigned char> > const &,unsigned int,unsigned int)" (?writeJpg@ImageLoader@priv@sf@@AAE_NABV?$basic_string@DU?$char_traits@D@std@@V?$allocator@D@2@@std@@ABV?$vector@EV?$allocator@E@std@@@5@II@Z)
     1>sfml-graphics-s.lib(ImageLoader.cpp.obj) : error LNK2019: unresolved external symbol _jpeg_CreateCompress referenced in function "private: bool __thiscall sf::priv::ImageLoader::writeJpg(class std::basic_string<char,struct std::char_traits<char>,class std::allocator<char> > const &,class std::vector<unsigned char,class std::allocator<unsigned char> > const &,unsigned int,unsigned int)" (?writeJpg@ImageLoader@priv@sf@@AAE_NABV?$basic_string@DU?$char_traits@D@std@@V?$allocator@D@2@@std@@ABV?$vector@EV?$allocator@E@std@@@5@II@Z)
     1>sfml-graphics-s.lib(ImageLoader.cpp.obj) : error LNK2019: unresolved external symbol _jpeg_destroy_compress referenced in function "private: bool __thiscall sf::priv::ImageLoader::writeJpg(class std::basic_string<char,struct std::char_traits<char>,class std::allocator<char> > const &,class std::vector<unsigned char,class std::allocator<unsigned char> > const &,unsigned int,unsigned int)" (?writeJpg@ImageLoader@priv@sf@@AAE_NABV?$basic_string@DU?$char_traits@D@std@@V?$allocator@D@2@@std@@ABV?$vector@EV?$allocator@E@std@@@5@II@Z)
     1>sfml-graphics-s.lib(ImageLoader.cpp.obj) : error LNK2019: unresolved external symbol _jpeg_stdio_dest referenced in function "private: bool __thiscall sf::priv::ImageLoader::writeJpg(class std::basic_string<char,struct std::char_traits<char>,class std::allocator<char> > const &,class std::vector<unsigned char,class std::allocator<unsigned char> > const &,unsigned int,unsigned int)" (?writeJpg@ImageLoader@priv@sf@@AAE_NABV?$basic_string@DU?$char_traits@D@std@@V?$allocator@D@2@@std@@ABV?$vector@EV?$allocator@E@std@@@5@II@Z)
     1>sfml-graphics-s.lib(ImageLoader.cpp.obj) : error LNK2019: unresolved external symbol _jpeg_set_defaults referenced in function "private: bool __thiscall sf::priv::ImageLoader::writeJpg(class std::basic_string<char,struct std::char_traits<char>,class std::allocator<char> > const &,class std::vector<unsigned char,class std::allocator<unsigned char> > const &,unsigned int,unsigned int)" (?writeJpg@ImageLoader@priv@sf@@AAE_NABV?$basic_string@DU?$char_traits@D@std@@V?$allocator@D@2@@std@@ABV?$vector@EV?$allocator@E@std@@@5@II@Z)
     1>sfml-graphics-s.lib(ImageLoader.cpp.obj) : error LNK2019: unresolved external symbol _jpeg_set_quality referenced in function "private: bool __thiscall sf::priv::ImageLoader::writeJpg(class std::basic_string<char,struct std::char_traits<char>,class std::allocator<char> > const &,class std::vector<unsigned char,class std::allocator<unsigned char> > const &,unsigned int,unsigned int)" (?writeJpg@ImageLoader@priv@sf@@AAE_NABV?$basic_string@DU?$char_traits@D@std@@V?$allocator@D@2@@std@@ABV?$vector@EV?$allocator@E@std@@@5@II@Z)
     1>sfml-graphics-s.lib(ImageLoader.cpp.obj) : error LNK2019: unresolved external symbol _jpeg_start_compress referenced in function "private: bool __thiscall sf::priv::ImageLoader::writeJpg(class std::basic_string<char,struct std::char_traits<char>,class std::allocator<char> > const &,class std::vector<unsigned char,class std::allocator<unsigned char> > const &,unsigned int,unsigned int)" (?writeJpg@ImageLoader@priv@sf@@AAE_NABV?$basic_string@DU?$char_traits@D@std@@V?$allocator@D@2@@std@@ABV?$vector@EV?$allocator@E@std@@@5@II@Z)
     1>sfml-graphics-s.lib(ImageLoader.cpp.obj) : error LNK2019: unresolved external symbol _jpeg_write_scanlines referenced in function "private: bool __thiscall sf::priv::ImageLoader::writeJpg(class std::basic_string<char,struct std::char_traits<char>,class std::allocator<char> > const &,class std::vector<unsigned char,class std::allocator<unsigned char> > const &,unsigned int,unsigned int)" (?writeJpg@ImageLoader@priv@sf@@AAE_NABV?$basic_string@DU?$char_traits@D@std@@V?$allocator@D@2@@std@@ABV?$vector@EV?$allocator@E@std@@@5@II@Z)
     1>sfml-graphics-s.lib(ImageLoader.cpp.obj) : error LNK2019: unresolved external symbol _jpeg_finish_compress referenced in function "private: bool __thiscall sf::priv::ImageLoader::writeJpg(class std::basic_string<char,struct std::char_traits<char>,class std::allocator<char> > const &,class std::vector<unsigned char,class std::allocator<unsigned char> > const &,unsigned int,unsigned int)" (?writeJpg@ImageLoader@priv@sf@@AAE_NABV?$basic_string@DU?$char_traits@D@std@@V?$allocator@D@2@@std@@ABV?$vector@EV?$allocator@E@std@@@5@II@Z)
     1>sfml-window-s.lib(WglContext.cpp.obj) : error LNK2019: unresolved external symbol __imp__wglCreateContext@4 referenced in function "private: void __thiscall sf::priv::WglContext::createContext(class sf::priv::WglContext *,unsigned int,struct sf::ContextSettings const &)" (?createContext@WglContext@priv@sf@@AAEXPAV123@IABUContextSettings@3@@Z)
     1>sfml-window-s.lib(WglContext.cpp.obj) : error LNK2019: unresolved external symbol __imp__wglDeleteContext@4 referenced in function "public: virtual __thiscall sf::priv::WglContext::~WglContext(void)" (??1WglContext@priv@sf@@UAE@XZ)
     1>sfml-window-s.lib(WglContext.cpp.obj) : error LNK2019: unresolved external symbol __imp__wglGetCurrentContext@0 referenced in function "public: virtual __thiscall sf::priv::WglContext::~WglContext(void)" (??1WglContext@priv@sf@@UAE@XZ)
     1>sfml-window-s.lib(WglContext.cpp.obj) : error LNK2019: unresolved external symbol __imp__wglGetProcAddress@4 referenced in function "public: static void (__cdecl*__cdecl sf::priv::WglContext::getFunction(char const *))(void)" (?getFunction@WglContext@priv@sf@@SAP6AXXZPBD@Z)
     1>sfml-window-s.lib(WglContext.cpp.obj) : error LNK2019: unresolved external symbol __imp__wglMakeCurrent@8 referenced in function "public: virtual __thiscall sf::priv::WglContext::~WglContext(void)" (??1WglContext@priv@sf@@UAE@XZ)
     1>sfml-window-s.lib(WglContext.cpp.obj) : error LNK2019: unresolved external symbol __imp__wglShareLists@8 referenced in function "private: void __thiscall sf::priv::WglContext::createContext(class sf::priv::WglContext *,unsigned int,struct sf::ContextSettings const &)" (?createContext@WglContext@priv@sf@@AAEXPAV123@IABUContextSettings@3@@Z)
     1>sfml-window-s.lib(JoystickImpl.cpp.obj) : error LNK2019: unresolved external symbol __imp__joyGetPosEx@8 referenced in function "public: static void __cdecl sf::priv::JoystickImpl::initialize(void)" (?initialize@JoystickImpl@priv@sf@@SAXXZ)
     1>sfml-window-s.lib(JoystickImpl.cpp.obj) : error LNK2019: unresolved external symbol __imp__joyGetDevCapsW@12 referenced in function "public: bool __thiscall sf::priv::JoystickImpl::open(unsigned int)" (?open@JoystickImpl@priv@sf@@QAE_NI@Z)
     1>sfml-system-s.lib(SleepImpl.cpp.obj) : error LNK2019: unresolved external symbol __imp__timeGetDevCaps@8 referenced in function "void __cdecl sf::priv::sleepImpl(class sf::Time)" (?sleepImpl@priv@sf@@YAXVTime@2@@Z)
     1>sfml-system-s.lib(SleepImpl.cpp.obj) : error LNK2019: unresolved external symbol __imp__timeBeginPeriod@4 referenced in function "void __cdecl sf::priv::sleepImpl(class sf::Time)" (?sleepImpl@priv@sf@@YAXVTime@2@@Z)
     1>sfml-system-s.lib(SleepImpl.cpp.obj) : error LNK2019: unresolved external symbol __imp__timeEndPeriod@4 referenced in function "void __cdecl sf::priv::sleepImpl(class sf::Time)" (?sleepImpl@priv@sf@@YAXVTime@2@@Z)
     1>c:\users\jimbob\documents\visual studio 2013\Projects\BrandonKeeper\Debug\BrandonKeeper.exe : fatal error LNK1120: 64 unresolved externals
     1>Done Building Project "c:\Users\Jimbob\documents\visual studio 2013\Projects\BrandonKeeper\BrandonKeeper\BrandonKeeper.vcxproj" (Rebuild target(s)) -- FAILED.

Build FAILED.

Time Elapsed 00:00:01.54
