Build started 8/19/2015 10:18:58 PM.
     1>Project "C:\Users\Jimbob\Documents\Visual Studio 2013\Projects\SFML_Tutorial\SFML_Tutorial\SFML_Tutorial.vcxproj" on node 2 (Rebuild target(s)).
     1>ClCompile:
         C:\Program Files (x86)\Microsoft Visual Studio 12.0\VC\bin\CL.exe /c /I"C:\Users\Jimbob\Documents\Visual Studio 2013\SFML-2.3.1\include" /Zi /nologo /W3 /WX- /sdl /O2 /Oi /Oy- /GL /D WIN32 /D NDEBUG /D _CONSOLE /D _LIB /D _UNICODE /D UNICODE /Gm- /EHsc /MD /GS /Gy /fp:precise /Zc:wchar_t /Zc:forScope /Fo"Release\\" /Fd"Release\vc120.pdb" /Gd /TP /analyze- /errorReport:prompt AnimationHandler.cpp Engine.cpp TextureManager.cpp Main.cpp Tile.cpp
         AnimationHandler.cpp
     1>AnimationHandler.cpp(7): warning C4018: '>=' : signed/unsigned mismatch
         Engine.cpp
     1>Engine.cpp(35): warning C4244: 'argument' : conversion from 'const int' to 'float', possible loss of data
     1>Engine.cpp(99): warning C4244: 'initializing' : conversion from 'float' to 'int', possible loss of data
     1>Engine.cpp(100): warning C4244: 'initializing' : conversion from 'float' to 'int', possible loss of data
     1>Engine.cpp(111): warning C4244: 'initializing' : conversion from 'float' to 'int', possible loss of data
     1>Engine.cpp(112): warning C4244: 'initializing' : conversion from 'float' to 'int', possible loss of data
     1>Engine.cpp(136): warning C4244: 'initializing' : conversion from 'unsigned int' to 'float', possible loss of data
     1>Engine.cpp(137): warning C4244: 'initializing' : conversion from 'unsigned int' to 'float', possible loss of data
     1>Engine.cpp(168): warning C4244: 'initializing' : conversion from 'float' to 'int', possible loss of data
     1>Engine.cpp(169): warning C4244: 'initializing' : conversion from 'float' to 'int', possible loss of data
     1>Engine.cpp(174): warning C4244: 'initializing' : conversion from 'float' to 'int', possible loss of data
     1>Engine.cpp(175): warning C4244: 'initializing' : conversion from 'float' to 'int', possible loss of data
     1>Engine.cpp(177): warning C4244: 'initializing' : conversion from 'float' to 'int', possible loss of data
     1>Engine.cpp(178): warning C4244: 'initializing' : conversion from 'float' to 'int', possible loss of data
     1>Engine.cpp(224): warning C4244: 'argument' : conversion from 'int' to 'float', possible loss of data
     1>Engine.cpp(232): warning C4244: 'initializing' : conversion from 'float' to 'int', possible loss of data
     1>Engine.cpp(233): warning C4244: 'initializing' : conversion from 'float' to 'int', possible loss of data
     1>Engine.cpp(301): warning C4244: 'argument' : conversion from 'int' to 'float', possible loss of data
         TextureManager.cpp
         Main.cpp
         Tile.cpp
       Link:
         C:\Program Files (x86)\Microsoft Visual Studio 12.0\VC\bin\link.exe /ERRORREPORT:PROMPT /OUT:"C:\Users\Jimbob\Documents\Visual Studio 2013\Projects\SFML_Tutorial\Release\SFML_Tutorial.exe" /INCREMENTAL:NO /NOLOGO /LIBPATH:"C:\Users\Jimbob\Documents\Visual Studio 2013\SFML-2.3.1\lib" User32.lib "sfml-graphics.lib" "sfml-audio.lib" "sfml-main.lib" "sfml-system.lib" "sfml-window.lib" kernel32.lib user32.lib gdi32.lib winspool.lib comdlg32.lib advapi32.lib shell32.lib ole32.lib oleaut32.lib uuid.lib odbc32.lib odbccp32.lib /MANIFEST /MANIFESTUAC:"level='asInvoker' uiAccess='false'" /manifest:embed /DEBUG /PDB:"C:\Users\Jimbob\Documents\Visual Studio 2013\Projects\SFML_Tutorial\Release\SFML_Tutorial.pdb" /SUBSYSTEM:WINDOWS /OPT:REF /OPT:ICF /LTCG /TLBID:1 /DYNAMICBASE /NXCOMPAT /IMPLIB:"C:\Users\Jimbob\Documents\Visual Studio 2013\Projects\SFML_Tutorial\Release\SFML_Tutorial.lib" /MACHINE:X86 /SAFESEH Release\AnimationHandler.obj
         Release\Engine.obj
         Release\TextureManager.obj
         Release\Main.obj
         Release\Tile.obj
         Generating code
         Finished generating code
         SFML_Tutorial.vcxproj -> C:\Users\Jimbob\Documents\Visual Studio 2013\Projects\SFML_Tutorial\Release\SFML_Tutorial.exe
     1>Done Building Project "C:\Users\Jimbob\Documents\Visual Studio 2013\Projects\SFML_Tutorial\SFML_Tutorial\SFML_Tutorial.vcxproj" (Rebuild target(s)).

Build succeeded.

Time Elapsed 00:00:02.33
